TN:
SF:client/src/lib/animations.ts
FNF:0
FNH:0
DA:1,0
DA:11,0
DA:18,0
DA:24,0
DA:34,0
DA:43,0
DA:51,0
DA:69,0
LF:8
LH:0
BRF:0
BRH:0
end_of_record
TN:
SF:client/src/lib/firebase.ts
FN:57,(anonymous_0)
FN:58,(anonymous_1)
FN:92,redact
FNF:3
FNH:0
FNDA:0,(anonymous_0)
FNDA:0,(anonymous_1)
FNDA:0,redact
DA:38,0
DA:39,0
DA:40,0
DA:41,0
DA:42,0
DA:43,0
DA:44,0
DA:50,0
DA:56,0
DA:57,0
DA:58,0
DA:64,0
DA:67,0
DA:68,0
DA:69,0
DA:70,0
DA:71,0
DA:72,0
DA:73,0
DA:74,0
DA:75,0
DA:76,0
DA:77,0
DA:78,0
DA:79,0
DA:80,0
DA:81,0
DA:82,0
DA:83,0
DA:84,0
DA:85,0
DA:93,0
DA:94,0
DA:95,0
DA:98,0
DA:99,0
DA:100,0
DA:101,0
DA:102,0
DA:103,0
DA:104,0
DA:105,0
DA:106,0
DA:107,0
DA:114,0
DA:116,0
DA:132,0
DA:133,0
DA:134,0
DA:135,0
DA:136,0
DA:138,0
DA:139,0
DA:141,0
DA:142,0
DA:143,0
DA:150,0
DA:151,0
DA:152,0
DA:154,0
DA:159,0
DA:160,0
DA:161,0
DA:163,0
DA:167,0
DA:169,0
DA:170,0
DA:179,0
LF:68
LH:0
BRDA:57,0,0,0
BRDA:57,0,1,0
BRDA:67,1,0,0
BRDA:67,1,1,0
BRDA:93,2,0,0
BRDA:93,2,1,0
BRDA:94,3,0,0
BRDA:94,3,1,0
BRDA:98,4,0,0
BRDA:98,4,1,0
BRDA:101,5,0,0
BRDA:101,5,1,0
BRDA:103,6,0,0
BRDA:103,6,1,0
BRDA:104,7,0,0
BRDA:104,7,1,0
BRDA:105,8,0,0
BRDA:105,8,1,0
BRDA:114,9,0,0
BRDA:114,9,1,0
BRDA:117,10,0,0
BRDA:117,10,1,0
BRDA:119,11,0,0
BRDA:119,11,1,0
BRDA:121,12,0,0
BRDA:121,12,1,0
BRDA:123,13,0,0
BRDA:123,13,1,0
BRDA:124,14,0,0
BRDA:124,14,1,0
BRDA:125,15,0,0
BRDA:125,15,1,0
BRDA:138,16,0,0
BRDA:138,16,1,0
BRDA:150,17,0,0
BRDA:150,17,1,0
BRDA:159,18,0,0
BRDA:159,18,1,0
BRDA:159,19,0,0
BRDA:159,19,1,0
BRDA:179,20,0,0
BRDA:179,20,1,0
BRF:42
BRH:0
end_of_record
TN:
SF:client/src/lib/firestore.ts
FN:64,assertFirestore
FN:77,getUser
FN:93,createUser
FN:139,updateUser
FN:156,addFcmToken
FN:169,removeFcmToken
FN:182,getUserDashboard
FN:212,getBetaEstimateRef
FN:226,subscribeBetaEstimate
FN:235,(anonymous_9)
FN:238,(anonymous_10)
FN:260,calculateBetaEstimateForUser
FN:281,createTrip
FN:322,getTrip
FN:338,getUserTrips
FN:360,(anonymous_15)
FN:372,updateTripStatus
FN:410,saveTripPoints
FN:440,saveTripPointsBatched
FN:484,getTripPoints
FN:506,(anonymous_20)
FN:521,getUserPolicy
FN:544,getPolicy
FN:560,createPolicy
FN:590,getCommunityPool
FN:606,initializeCommunityPool
FN:644,getShareId
FN:651,getCurrentPoolPeriod
FN:659,getPoolPeriodDates
FN:688,initializePoolShare
FN:730,getUserPoolShare
FN:750,getUserPoolShareHistory
FN:765,(anonymous_32)
FN:775,getLeaderboard
FN:796,getCurrentPeriodForType
FN:815,getWeekNumber
FN:848,completeTripTransaction
FN:867,addPoolContribution
FN:903,exportUserData
FN:916,deleteUserAccount
FN:1000,requestTripAIAnalysis
FN:1013,fetchTripAIInsights
FN:1053,getInsuranceQuote
FN:1070,acceptInsuranceQuote
FN:1087,syncInsurancePolicy
FN:1124,getAchievementDefinitions
FN:1127,(anonymous_46)
FN:1133,getUserAchievements
FN:1137,(anonymous_48)
FNF:49
FNH:0
FNDA:0,assertFirestore
FNDA:0,getUser
FNDA:0,createUser
FNDA:0,updateUser
FNDA:0,addFcmToken
FNDA:0,removeFcmToken
FNDA:0,getUserDashboard
FNDA:0,getBetaEstimateRef
FNDA:0,subscribeBetaEstimate
FNDA:0,(anonymous_9)
FNDA:0,(anonymous_10)
FNDA:0,calculateBetaEstimateForUser
FNDA:0,createTrip
FNDA:0,getTrip
FNDA:0,getUserTrips
FNDA:0,(anonymous_15)
FNDA:0,updateTripStatus
FNDA:0,saveTripPoints
FNDA:0,saveTripPointsBatched
FNDA:0,getTripPoints
FNDA:0,(anonymous_20)
FNDA:0,getUserPolicy
FNDA:0,getPolicy
FNDA:0,createPolicy
FNDA:0,getCommunityPool
FNDA:0,initializeCommunityPool
FNDA:0,getShareId
FNDA:0,getCurrentPoolPeriod
FNDA:0,getPoolPeriodDates
FNDA:0,initializePoolShare
FNDA:0,getUserPoolShare
FNDA:0,getUserPoolShareHistory
FNDA:0,(anonymous_32)
FNDA:0,getLeaderboard
FNDA:0,getCurrentPeriodForType
FNDA:0,getWeekNumber
FNDA:0,completeTripTransaction
FNDA:0,addPoolContribution
FNDA:0,exportUserData
FNDA:0,deleteUserAccount
FNDA:0,requestTripAIAnalysis
FNDA:0,fetchTripAIInsights
FNDA:0,getInsuranceQuote
FNDA:0,acceptInsuranceQuote
FNDA:0,syncInsurancePolicy
FNDA:0,getAchievementDefinitions
FNDA:0,(anonymous_46)
FNDA:0,getUserAchievements
FNDA:0,(anonymous_48)
DA:65,0
DA:66,0
DA:78,0
DA:80,0
DA:81,0
DA:83,0
DA:84,0
DA:87,0
DA:99,0
DA:101,0
DA:102,0
DA:104,0
DA:127,0
DA:128,0
DA:131,0
DA:133,0
DA:143,0
DA:145,0
DA:146,0
DA:157,0
DA:159,0
DA:160,0
DA:170,0
DA:172,0
DA:173,0
DA:188,0
DA:190,0
DA:191,0
DA:194,0
DA:206,0
DA:207,0
DA:213,0
DA:214,0
DA:231,0
DA:232,0
DA:233,0
DA:236,0
DA:238,0
DA:263,0
DA:264,0
DA:265,0
DA:266,0
DA:270,0
DA:271,0
DA:282,0
DA:284,0
DA:285,0
DA:286,0
DA:288,0
DA:314,0
DA:316,0
DA:323,0
DA:325,0
DA:326,0
DA:328,0
DA:329,0
DA:332,0
DA:339,0
DA:341,0
DA:346,0
DA:347,0
DA:350,0
DA:351,0
DA:354,0
DA:356,0
DA:357,0
DA:358,0
DA:360,0
DA:377,0
DA:381,0
DA:383,0
DA:384,0
DA:386,0
DA:391,0
DA:392,0
DA:396,0
DA:416,0
DA:418,0
DA:429,0
DA:430,0
DA:432,0
DA:433,0
DA:446,0
DA:448,0
DA:449,0
DA:452,0
DA:453,0
DA:464,0
DA:465,0
DA:466,0
DA:467,0
DA:469,0
DA:478,0
DA:485,0
DA:487,0
DA:488,0
DA:490,0
DA:491,0
DA:494,0
DA:497,0
DA:498,0
DA:502,0
DA:503,0
DA:505,0
DA:506,0
DA:507,0
DA:508,0
DA:511,0
DA:522,0
DA:524,0
DA:525,0
DA:532,0
DA:534,0
DA:535,0
DA:538,0
DA:545,0
DA:547,0
DA:548,0
DA:550,0
DA:551,0
DA:554,0
DA:563,0
DA:565,0
DA:566,0
DA:567,0
DA:569,0
DA:571,0
DA:578,0
DA:585,0
DA:591,0
DA:593,0
DA:594,0
DA:596,0
DA:597,0
DA:600,0
DA:609,0
DA:611,0
DA:612,0
DA:614,0
DA:633,0
DA:634,0
DA:645,0
DA:652,0
DA:653,0
DA:663,0
DA:664,0
DA:665,0
DA:670,0
DA:671,0
DA:672,0
DA:674,0
DA:675,0
DA:676,0
DA:679,0
DA:692,0
DA:694,0
DA:695,0
DA:697,0
DA:698,0
DA:699,0
DA:702,0
DA:704,0
DA:724,0
DA:734,0
DA:736,0
DA:737,0
DA:738,0
DA:740,0
DA:741,0
DA:744,0
DA:754,0
DA:756,0
DA:757,0
DA:764,0
DA:765,0
DA:778,0
DA:780,0
DA:781,0
DA:783,0
DA:784,0
DA:786,0
DA:787,0
DA:790,0
DA:797,0
DA:799,0
DA:801,0
DA:802,0
DA:804,0
DA:806,0
DA:808,0
DA:816,0
DA:817,0
DA:818,0
DA:819,0
DA:820,0
DA:852,0
DA:871,0
DA:874,0
DA:875,0
DA:877,0
DA:882,0
DA:883,0
DA:904,0
DA:905,0
DA:906,0
DA:907,0
DA:908,0
DA:909,0
DA:917,0
DA:918,0
DA:919,0
DA:920,0
DA:921,0
DA:922,0
DA:1001,0
DA:1002,0
DA:1003,0
DA:1004,0
DA:1005,0
DA:1006,0
DA:1014,0
DA:1015,0
DA:1016,0
DA:1017,0
DA:1021,0
DA:1022,0
DA:1056,0
DA:1057,0
DA:1058,0
DA:1059,0
DA:1063,0
DA:1064,0
DA:1073,0
DA:1074,0
DA:1075,0
DA:1076,0
DA:1080,0
DA:1081,0
DA:1090,0
DA:1091,0
DA:1092,0
DA:1093,0
DA:1097,0
DA:1098,0
DA:1125,0
DA:1126,0
DA:1127,0
DA:1134,0
DA:1135,0
DA:1136,0
DA:1137,0
LF:251
LH:0
BRDA:65,0,0,0
BRDA:65,0,1,0
BRDA:65,1,0,0
BRDA:65,1,1,0
BRDA:83,2,0,0
BRDA:83,2,1,0
BRDA:97,3,0,0
BRDA:190,4,0,0
BRDA:190,4,1,0
BRDA:236,5,0,0
BRDA:236,5,1,0
BRDA:328,6,0,0
BRDA:328,6,1,0
BRDA:346,7,0,0
BRDA:346,7,1,0
BRDA:350,8,0,0
BRDA:350,8,1,0
BRDA:354,9,0,0
BRDA:354,9,1,0
BRDA:381,10,0,0
BRDA:381,10,1,0
BRDA:414,11,0,0
BRDA:429,12,0,0
BRDA:429,12,1,0
BRDA:472,13,0,0
BRDA:472,13,1,0
BRDA:473,14,0,0
BRDA:473,14,1,0
BRDA:490,15,0,0
BRDA:490,15,1,0
BRDA:497,16,0,0
BRDA:497,16,1,0
BRDA:534,17,0,0
BRDA:534,17,1,0
BRDA:550,18,0,0
BRDA:550,18,1,0
BRDA:596,19,0,0
BRDA:596,19,1,0
BRDA:607,20,0,0
BRDA:670,21,0,0
BRDA:670,21,1,0
BRDA:690,22,0,0
BRDA:698,23,0,0
BRDA:698,23,1,0
BRDA:732,24,0,0
BRDA:740,25,0,0
BRDA:740,25,1,0
BRDA:752,26,0,0
BRDA:780,27,0,0
BRDA:780,27,1,0
BRDA:786,28,0,0
BRDA:786,28,1,0
BRDA:799,29,0,0
BRDA:799,29,1,0
BRDA:799,29,2,0
BRDA:799,29,3,0
BRDA:817,30,0,0
BRDA:817,30,1,0
BRDA:1054,31,0,0
BRF:59
BRH:0
end_of_record
TN:
SF:client/src/lib/firestoreRetry.ts
FN:20,getDocWithRetry
FN:37,(anonymous_1)
FNF:2
FNH:0
FNDA:0,getDocWithRetry
FNDA:0,(anonymous_1)
DA:17,0
DA:18,0
DA:27,0
DA:28,0
DA:29,0
DA:31,0
DA:33,0
DA:35,0
DA:37,0
DA:38,0
DA:43,0
LF:11
LH:0
BRDA:22,0,0,0
BRDA:23,1,0,0
BRDA:33,2,0,0
BRDA:33,2,1,0
BRDA:35,3,0,0
BRDA:35,3,1,0
BRDA:35,4,0,0
BRDA:35,4,1,0
BRF:8
BRH:0
end_of_record
TN:
SF:client/src/lib/performanceTraces.ts
FN:18,withTrace
FNF:1
FNH:0
FNDA:0,withTrace
DA:23,0
DA:25,0
DA:26,0
DA:27,0
DA:28,0
DA:32,0
DA:33,0
DA:34,0
DA:35,0
DA:36,0
DA:38,0
DA:39,0
LF:12
LH:0
BRDA:23,0,0,0
BRDA:23,0,1,0
BRDA:26,1,0,0
BRDA:26,1,1,0
BRF:4
BRH:0
end_of_record
TN:
SF:client/src/lib/pricingEngine.ts
FN:40,vehicleFactor
FN:54,ageFactor
FN:67,ncbFactor
FN:93,postcodeFactor
FN:111,scoreFactor
FN:126,calculateAnnualPremium
FN:145,calculateMonthlyPremium
FN:152,formatGbp
FNF:8
FNH:0
FNDA:0,vehicleFactor
FNDA:0,ageFactor
FNDA:0,ncbFactor
FNDA:0,postcodeFactor
FNDA:0,scoreFactor
FNDA:0,calculateAnnualPremium
FNDA:0,calculateMonthlyPremium
FNDA:0,formatGbp
DA:30,0
DA:33,0
DA:41,0
DA:42,0
DA:43,0
DA:44,0
DA:45,0
DA:46,0
DA:55,0
DA:56,0
DA:57,0
DA:58,0
DA:59,0
DA:60,0
DA:68,0
DA:69,0
DA:77,0
DA:86,0
DA:94,0
DA:96,0
DA:98,0
DA:99,0
DA:100,0
DA:101,0
DA:103,0
DA:112,0
DA:113,0
DA:115,0
DA:128,0
DA:136,0
DA:137,0
DA:146,0
DA:153,0
DA:154,0
DA:156,0
DA:163,0
LF:36
LH:0
BRDA:41,0,0,0
BRDA:41,0,1,0
BRDA:43,1,0,0
BRDA:43,1,1,0
BRDA:44,2,0,0
BRDA:44,2,1,0
BRDA:45,3,0,0
BRDA:45,3,1,0
BRDA:55,4,0,0
BRDA:55,4,1,0
BRDA:56,5,0,0
BRDA:56,5,1,0
BRDA:57,6,0,0
BRDA:57,6,1,0
BRDA:58,7,0,0
BRDA:58,7,1,0
BRDA:59,8,0,0
BRDA:59,8,1,0
BRDA:68,9,0,0
BRDA:68,9,1,0
BRDA:94,10,0,0
BRDA:94,10,1,0
BRDA:100,11,0,0
BRDA:100,11,1,0
BRDA:101,12,0,0
BRDA:101,12,1,0
BRDA:112,13,0,0
BRDA:112,13,1,0
BRDA:152,14,0,0
BRDA:153,15,0,0
BRDA:153,15,1,0
BRF:31
BRH:0
end_of_record
TN:
SF:client/src/lib/queryClient.ts
FN:3,throwIfResNotOk
FN:10,apiRequest
FN:27,(anonymous_2)
FN:28,(anonymous_3)
FNF:4
FNH:0
FNDA:0,throwIfResNotOk
FNDA:0,apiRequest
FNDA:0,(anonymous_2)
FNDA:0,(anonymous_3)
DA:4,0
DA:5,0
DA:6,0
DA:14,0
DA:19,0
DA:20,0
DA:27,0
DA:28,0
DA:29,0
DA:33,0
DA:34,0
DA:37,0
DA:38,0
DA:41,0
LF:14
LH:0
BRDA:4,0,0,0
BRDA:4,0,1,0
BRDA:5,1,0,0
BRDA:5,1,1,0
BRDA:33,2,0,0
BRDA:33,2,1,0
BRDA:33,3,0,0
BRDA:33,3,1,0
BRF:8
BRH:0
end_of_record
TN:
SF:client/src/lib/scoring.ts
FN:56,calculatePersonalScore
FN:104,calculateCommunityScore
FN:118,calculateTotalScore
FN:136,calculateRefund
FN:196,simulateScoreChange
FN:222,(anonymous_5)
FN:236,(anonymous_6)
FNF:7
FNH:5
FNDA:111,calculatePersonalScore
FNDA:70,calculateCommunityScore
FNDA:70,calculateTotalScore
FNDA:65,calculateRefund
FNDA:3,simulateScoreChange
FNDA:0,(anonymous_5)
FNDA:0,(anonymous_6)
DA:57,111
DA:58,111
DA:59,2
DA:63,109
DA:73,111
DA:74,111
DA:75,111
DA:76,111
DA:80,111
DA:87,111
DA:90,111
DA:91,111
DA:93,111
DA:94,111
DA:96,0
DA:97,0
DA:105,70
DA:106,70
DA:107,70
DA:109,0
DA:110,0
DA:119,70
DA:120,70
DA:121,70
DA:123,70
DA:124,70
DA:126,0
DA:127,0
DA:141,65
DA:142,65
DA:143,65
DA:144,65
DA:146,65
DA:147,65
DA:150,65
DA:152,65
DA:153,65
DA:156,64
DA:157,64
DA:158,64
DA:159,64
DA:162,64
DA:163,64
DA:166,64
DA:170,65
DA:172,65
DA:181,0
DA:182,0
DA:202,3
DA:203,3
DA:204,3
DA:206,0
DA:207,0
DA:214,1
DA:227,0
DA:228,0
DA:229,0
DA:231,0
DA:232,0
DA:239,0
LF:60
LH:44
BRDA:58,0,0,2
BRDA:58,0,1,109
BRDA:58,1,0,111
BRDA:58,1,1,109
BRDA:64,2,0,109
BRDA:64,2,1,5
BRDA:65,3,0,111
BRDA:65,3,1,6
BRDA:66,4,0,111
BRDA:66,4,1,5
BRDA:67,5,0,111
BRDA:67,5,1,8
BRDA:68,6,0,111
BRDA:68,6,1,0
BRDA:69,7,0,111
BRDA:69,7,1,0
BRDA:91,8,0,6
BRDA:91,8,1,103
BRDA:91,9,0,111
BRDA:91,9,1,8
BRDA:106,10,0,70
BRDA:106,10,1,1
BRDA:120,11,0,70
BRDA:120,11,1,1
BRDA:121,12,0,70
BRDA:121,12,1,1
BRDA:139,13,0,65
BRDA:142,14,0,65
BRDA:142,14,1,0
BRDA:143,15,0,65
BRDA:143,15,1,1
BRDA:144,16,0,65
BRDA:144,16,1,0
BRDA:153,17,0,64
BRDA:153,17,1,1
BRDA:162,18,0,63
BRDA:162,18,1,1
BRDA:200,19,0,3
BRDA:203,20,0,3
BRDA:203,20,1,0
BRF:40
BRH:35
end_of_record
TN:
SF:client/src/lib/sentry.ts
FN:25,initSentry
FN:53,(anonymous_1)
FN:56,(anonymous_2)
FN:94,captureError
FN:116,setSentryUser
FN:132,addBreadcrumb
FNF:6
FNH:0
FNDA:0,initSentry
FNDA:0,(anonymous_1)
FNDA:0,(anonymous_2)
FNDA:0,captureError
FNDA:0,setSentryUser
FNDA:0,addBreadcrumb
DA:18,0
DA:19,0
DA:20,0
DA:26,0
DA:27,0
DA:28,0
DA:30,0
DA:33,0
DA:55,0
DA:56,0
DA:57,0
DA:59,0
DA:60,0
DA:61,0
DA:62,0
DA:63,0
DA:68,0
DA:71,0
DA:88,0
DA:98,0
DA:100,0
DA:101,0
DA:107,0
DA:108,0
DA:120,0
DA:122,0
DA:123,0
DA:125,0
DA:137,0
DA:139,0
DA:148,0
LF:31
LH:0
BRDA:19,0,0,0
BRDA:19,0,1,0
BRDA:26,1,0,0
BRDA:26,1,1,0
BRDA:27,2,0,0
BRDA:27,2,1,0
BRDA:36,3,0,0
BRDA:36,3,1,0
BRDA:42,4,0,0
BRDA:42,4,1,0
BRDA:45,5,0,0
BRDA:45,5,1,0
BRDA:46,6,0,0
BRDA:46,6,1,0
BRDA:55,7,0,0
BRDA:55,7,1,0
BRDA:57,8,0,0
BRDA:57,8,1,0
BRDA:98,9,0,0
BRDA:98,9,1,0
BRDA:100,10,0,0
BRDA:100,10,1,0
BRDA:107,11,0,0
BRDA:107,11,1,0
BRDA:120,12,0,0
BRDA:120,12,1,0
BRDA:122,13,0,0
BRDA:122,13,1,0
BRDA:137,14,0,0
BRDA:137,14,1,0
BRF:30
BRH:0
end_of_record
TN:
SF:client/src/lib/stripe.ts
FNF:0
FNH:0
DA:11,0
DA:13,0
LF:2
LH:0
BRDA:13,0,0,0
BRDA:13,0,1,0
BRF:2
BRH:0
end_of_record
TN:
SF:client/src/lib/telematics.ts
FN:54,(anonymous_0)
FN:58,(anonymous_1)
FN:82,(anonymous_2)
FN:105,(anonymous_3)
FN:134,(anonymous_4)
FN:142,(anonymous_5)
FN:171,(anonymous_6)
FN:178,(anonymous_7)
FN:180,(anonymous_8)
FN:215,(anonymous_9)
FN:227,(anonymous_10)
FN:234,(anonymous_11)
FN:244,(anonymous_12)
FN:248,(anonymous_13)
FN:260,(anonymous_14)
FNF:15
FNH:0
FNDA:0,(anonymous_0)
FNDA:0,(anonymous_1)
FNDA:0,(anonymous_2)
FNDA:0,(anonymous_3)
FNDA:0,(anonymous_4)
FNDA:0,(anonymous_5)
FNDA:0,(anonymous_6)
FNDA:0,(anonymous_7)
FNDA:0,(anonymous_8)
FNDA:0,(anonymous_9)
FNDA:0,(anonymous_10)
FNDA:0,(anonymous_11)
FNDA:0,(anonymous_12)
FNDA:0,(anonymous_13)
FNDA:0,(anonymous_14)
DA:45,0
DA:46,0
DA:47,0
DA:48,0
DA:49,0
DA:50,0
DA:51,0
DA:52,0
DA:60,0
DA:61,0
DA:65,0
DA:66,0
DA:67,0
DA:68,0
DA:73,0
DA:74,0
DA:79,0
DA:83,0
DA:84,0
DA:85,0
DA:88,0
DA:89,0
DA:90,0
DA:93,0
DA:94,0
DA:97,0
DA:100,0
DA:102,0
DA:106,0
DA:107,0
DA:108,0
DA:111,0
DA:114,0
DA:115,0
DA:116,0
DA:120,0
DA:121,0
DA:122,0
DA:125,0
DA:126,0
DA:127,0
DA:130,0
DA:131,0
DA:135,0
DA:141,0
DA:143,0
DA:153,0
DA:156,0
DA:157,0
DA:164,0
DA:165,0
DA:167,0
DA:168,0
DA:172,0
DA:180,0
DA:181,0
DA:184,0
DA:185,0
DA:194,0
DA:195,0
DA:204,0
DA:205,0
DA:207,0
DA:208,0
DA:212,0
DA:215,0
DA:217,0
DA:224,0
DA:228,0
DA:229,0
DA:230,0
DA:231,0
DA:235,0
DA:245,0
DA:249,0
DA:261,0
DA:262,0
DA:267,0
DA:272,0
LF:79
LH:0
BRDA:60,0,0,0
BRDA:60,0,1,0
BRDA:65,1,0,0
BRDA:65,1,1,0
BRDA:65,2,0,0
BRDA:65,2,1,0
BRDA:83,3,0,0
BRDA:83,3,1,0
BRDA:89,4,0,0
BRDA:89,4,1,0
BRDA:106,5,0,0
BRDA:106,5,1,0
BRDA:114,6,0,0
BRDA:114,6,1,0
BRDA:120,7,0,0
BRDA:120,7,1,0
BRDA:125,8,0,0
BRDA:125,8,1,0
BRDA:148,9,0,0
BRDA:148,9,1,0
BRDA:149,10,0,0
BRDA:149,10,1,0
BRDA:150,11,0,0
BRDA:150,11,1,0
BRDA:156,12,0,0
BRDA:156,12,1,0
BRDA:164,13,0,0
BRDA:164,13,1,0
BRDA:167,14,0,0
BRDA:167,14,1,0
BRDA:184,15,0,0
BRDA:184,15,1,0
BRDA:186,16,0,0
BRDA:186,16,1,0
BRDA:187,17,0,0
BRDA:187,17,1,0
BRDA:188,18,0,0
BRDA:188,18,1,0
BRDA:194,19,0,0
BRDA:194,19,1,0
BRDA:196,20,0,0
BRDA:196,20,1,0
BRDA:197,21,0,0
BRDA:197,21,1,0
BRDA:198,22,0,0
BRDA:198,22,1,0
BRDA:204,23,0,0
BRDA:204,23,1,0
BRDA:207,24,0,0
BRDA:207,24,1,0
BRDA:254,25,0,0
BRDA:254,25,1,0
BRDA:260,26,0,0
BRDA:261,27,0,0
BRDA:261,27,1,0
BRF:55
BRH:0
end_of_record
TN:
SF:client/src/lib/tripService.ts
FN:96,(anonymous_0)
FN:111,(anonymous_1)
FN:115,(anonymous_2)
FN:116,(anonymous_3)
FN:126,(anonymous_4)
FN:143,(anonymous_5)
FN:160,(anonymous_6)
FN:170,(anonymous_7)
FN:206,(anonymous_8)
FN:222,assertFirestore
FN:231,startTrip
FN:305,endTrip
FN:343,cancelTrip
FN:358,createTripLocation
FN:375,computePhoneUsageScore
FN:381,calculateDefaultScoreBreakdown
FNF:16
FNH:0
FNDA:0,(anonymous_0)
FNDA:0,(anonymous_1)
FNDA:0,(anonymous_2)
FNDA:0,(anonymous_3)
FNDA:0,(anonymous_4)
FNDA:0,(anonymous_5)
FNDA:0,(anonymous_6)
FNDA:0,(anonymous_7)
FNDA:0,(anonymous_8)
FNDA:0,assertFirestore
FNDA:0,startTrip
FNDA:0,endTrip
FNDA:0,cancelTrip
FNDA:0,createTripLocation
FNDA:0,computePhoneUsageScore
FNDA:0,calculateDefaultScoreBreakdown
DA:72,0
DA:75,0
DA:89,0
DA:90,0
DA:91,0
DA:92,0
DA:93,0
DA:102,0
DA:103,0
DA:104,0
DA:105,0
DA:112,0
DA:114,0
DA:115,0
DA:116,0
DA:117,0
DA:118,0
DA:127,0
DA:129,0
DA:130,0
DA:131,0
DA:135,0
DA:137,0
DA:144,0
DA:146,0
DA:155,0
DA:156,0
DA:159,0
DA:160,0
DA:161,0
DA:162,0
DA:171,0
DA:172,0
DA:173,0
DA:174,0
DA:177,0
DA:178,0
DA:180,0
DA:182,0
DA:183,0
DA:185,0
DA:195,0
DA:198,0
DA:199,0
DA:207,0
DA:223,0
DA:224,0
DA:232,0
DA:234,0
DA:235,0
DA:236,0
DA:237,0
DA:240,0
DA:278,0
DA:281,0
DA:282,0
DA:292,0
DA:310,0
DA:312,0
DA:313,0
DA:314,0
DA:317,0
DA:320,0
DA:332,0
DA:337,0
DA:344,0
DA:347,0
DA:349,0
DA:364,0
DA:376,0
DA:377,0
DA:378,0
DA:390,0
DA:391,0
DA:392,0
DA:393,0
DA:394,0
DA:396,0
DA:405,0
DA:413,0
LF:80
LH:0
BRDA:112,0,0,0
BRDA:112,0,1,0
BRDA:129,1,0,0
BRDA:129,1,1,0
BRDA:144,2,0,0
BRDA:144,2,1,0
BRDA:150,3,0,0
BRDA:150,3,1,0
BRDA:151,4,0,0
BRDA:151,4,1,0
BRDA:159,5,0,0
BRDA:159,5,1,0
BRDA:171,6,0,0
BRDA:171,6,1,0
BRDA:172,7,0,0
BRDA:172,7,1,0
BRDA:172,8,0,0
BRDA:172,8,1,0
BRDA:189,9,0,0
BRDA:189,9,1,0
BRDA:190,10,0,0
BRDA:190,10,1,0
BRDA:223,11,0,0
BRDA:223,11,1,0
BRDA:223,12,0,0
BRDA:223,12,1,0
BRDA:361,13,0,0
BRDA:362,14,0,0
BRDA:376,15,0,0
BRDA:376,15,1,0
BRDA:376,16,0,0
BRDA:376,16,1,0
BRDA:386,17,0,0
BRDA:387,18,0,0
BRF:34
BRH:0
end_of_record
TN:
SF:client/src/lib/utils.ts
FN:4,cn
FNF:1
FNH:0
FNDA:0,cn
DA:5,0
LF:1
LH:0
BRF:0
BRH:0
end_of_record
TN:
SF:client/src/lib/webauthn.ts
FN:16,arrayBufferToBase64Url
FN:19,(anonymous_1)
FN:24,base64UrlToArrayBuffer
FN:28,(anonymous_3)
FN:35,checkBiometricSupport
FN:59,checkHasPasskey
FN:78,registerBiometricCredential
FN:97,(anonymous_7)
FN:142,authenticateWithBiometrics
FN:162,(anonymous_9)
FN:212,getUserCredentials
FN:233,deleteCredential
FNF:12
FNH:0
FNDA:0,arrayBufferToBase64Url
FNDA:0,(anonymous_1)
FNDA:0,base64UrlToArrayBuffer
FNDA:0,(anonymous_3)
FNDA:0,checkBiometricSupport
FNDA:0,checkHasPasskey
FNDA:0,registerBiometricCredential
FNDA:0,(anonymous_7)
FNDA:0,authenticateWithBiometrics
FNDA:0,(anonymous_9)
FNDA:0,getUserCredentials
FNDA:0,deleteCredential
DA:17,0
DA:18,0
DA:19,0
DA:20,0
DA:21,0
DA:25,0
DA:26,0
DA:27,0
DA:28,0
DA:40,0
DA:41,0
DA:43,0
DA:44,0
DA:45,0
DA:51,0
DA:60,0
DA:61,0
DA:66,0
DA:67,0
DA:68,0
DA:70,0
DA:82,0
DA:83,0
DA:88,0
DA:89,0
DA:90,0
DA:93,0
DA:94,0
DA:95,0
DA:96,0
DA:97,0
DA:103,0
DA:104,0
DA:106,0
DA:107,0
DA:109,0
DA:126,0
DA:127,0
DA:128,0
DA:131,0
DA:133,0
DA:134,0
DA:148,0
DA:149,0
DA:154,0
DA:155,0
DA:156,0
DA:159,0
DA:160,0
DA:161,0
DA:162,0
DA:168,0
DA:169,0
DA:171,0
DA:172,0
DA:174,0
DA:195,0
DA:196,0
DA:197,0
DA:200,0
DA:201,0
DA:203,0
DA:204,0
DA:217,0
DA:218,0
DA:221,0
DA:222,0
DA:223,0
DA:225,0
DA:226,0
DA:228,0
DA:229,0
DA:237,0
DA:238,0
DA:242,0
DA:243,0
DA:244,0
DA:246,0
DA:248,0
DA:249,0
LF:80
LH:0
BRDA:40,0,0,0
BRDA:40,0,1,0
BRDA:48,1,0,0
BRDA:48,1,1,0
BRDA:66,2,0,0
BRDA:66,2,1,0
BRDA:88,3,0,0
BRDA:88,3,1,0
BRDA:90,4,0,0
BRDA:90,4,1,0
BRDA:96,5,0,0
BRDA:96,5,1,0
BRDA:104,6,0,0
BRDA:104,6,1,0
BRDA:126,7,0,0
BRDA:126,7,1,0
BRDA:128,8,0,0
BRDA:128,8,1,0
BRDA:134,9,0,0
BRDA:134,9,1,0
BRDA:154,10,0,0
BRDA:154,10,1,0
BRDA:156,11,0,0
BRDA:156,11,1,0
BRDA:161,12,0,0
BRDA:161,12,1,0
BRDA:169,13,0,0
BRDA:169,13,1,0
BRDA:186,14,0,0
BRDA:186,14,1,0
BRDA:195,15,0,0
BRDA:195,15,1,0
BRDA:197,16,0,0
BRDA:197,16,1,0
BRDA:201,17,0,0
BRDA:201,17,1,0
BRDA:204,18,0,0
BRDA:204,18,1,0
BRDA:221,19,0,0
BRDA:221,19,1,0
BRDA:223,20,0,0
BRDA:223,20,1,0
BRDA:229,21,0,0
BRDA:229,21,1,0
BRDA:242,22,0,0
BRDA:242,22,1,0
BRDA:244,23,0,0
BRDA:244,23,1,0
BRDA:249,24,0,0
BRDA:249,24,1,0
BRF:50
BRH:0
end_of_record
TN:
SF:functions/src/utils/achievements.ts
FN:32,(anonymous_0)
FN:41,(anonymous_1)
FN:50,(anonymous_2)
FN:59,(anonymous_3)
FN:68,(anonymous_4)
FN:77,(anonymous_5)
FN:86,(anonymous_6)
FN:98,(anonymous_7)
FN:106,checkAndUnlockAchievements
FN:114,(anonymous_9)
FNF:10
FNH:0
FNDA:0,(anonymous_0)
FNDA:0,(anonymous_1)
FNDA:0,(anonymous_2)
FNDA:0,(anonymous_3)
FNDA:0,(anonymous_4)
FNDA:0,(anonymous_5)
FNDA:0,(anonymous_6)
FNDA:0,(anonymous_7)
FNDA:0,checkAndUnlockAchievements
FNDA:0,(anonymous_9)
DA:12,0
DA:24,0
DA:32,0
DA:41,0
DA:50,0
DA:59,0
DA:68,0
DA:77,0
DA:87,0
DA:88,0
DA:98,0
DA:112,0
DA:113,0
DA:114,0
DA:116,0
DA:118,0
DA:119,0
DA:121,0
DA:122,0
DA:123,0
DA:128,0
DA:131,0
DA:135,0
LF:23
LH:0
BRDA:87,0,0,0
BRDA:87,0,1,0
BRDA:88,1,0,0
BRDA:88,1,1,0
BRDA:119,2,0,0
BRDA:119,2,1,0
BRDA:122,3,0,0
BRDA:122,3,1,0
BRF:8
BRH:0
end_of_record
TN:
SF:functions/src/utils/helpers.ts
FN:13,getCurrentPoolPeriod
FN:21,getPreviousPoolPeriod
FN:30,getShareId
FN:37,getWeekNumber
FN:48,getCurrentPeriodForType
FN:67,weightedAverage
FN:76,buildRouteSummary
FN:94,truncateAddress
FN:106,calculateDistance
FN:129,isNightTime
FN:138,isRushHour
FN:158,detectAnomalies
FN:208,calculateRiskTier
FN:217,calculateProjectedRefund
FN:246,computeTripMetrics
FN:255,(anonymous_15)
FN:301,getDefaultMetrics
FN:328,computeSpeedStats
FN:339,(anonymous_18)
FN:340,(anonymous_19)
FN:346,(anonymous_20)
FN:350,(anonymous_21)
FN:363,detectDrivingEvents
FN:428,computePhoneUsageScore
FN:437,normalizeHeadingDelta
FN:453,computeDrivingScore
FNF:26
FNH:0
FNDA:0,getCurrentPoolPeriod
FNDA:0,getPreviousPoolPeriod
FNDA:0,getShareId
FNDA:0,getWeekNumber
FNDA:0,getCurrentPeriodForType
FNDA:0,weightedAverage
FNDA:0,buildRouteSummary
FNDA:0,truncateAddress
FNDA:0,calculateDistance
FNDA:0,isNightTime
FNDA:0,isRushHour
FNDA:0,detectAnomalies
FNDA:0,calculateRiskTier
FNDA:0,calculateProjectedRefund
FNDA:0,computeTripMetrics
FNDA:0,(anonymous_15)
FNDA:0,getDefaultMetrics
FNDA:0,computeSpeedStats
FNDA:0,(anonymous_18)
FNDA:0,(anonymous_19)
FNDA:0,(anonymous_20)
FNDA:0,(anonymous_21)
FNDA:0,detectDrivingEvents
FNDA:0,computePhoneUsageScore
FNDA:0,normalizeHeadingDelta
FNDA:0,computeDrivingScore
DA:14,0
DA:15,0
DA:22,0
DA:23,0
DA:24,0
DA:31,0
DA:38,0
DA:39,0
DA:40,0
DA:41,0
DA:42,0
DA:49,0
DA:51,0
DA:53,0
DA:54,0
DA:56,0
DA:58,0
DA:60,0
DA:68,0
DA:69,0
DA:70,0
DA:80,0
DA:84,0
DA:88,0
DA:95,0
DA:97,0
DA:98,0
DA:100,0
DA:112,0
DA:113,0
DA:114,0
DA:115,0
DA:116,0
DA:118,0
DA:121,0
DA:123,0
DA:130,0
DA:131,0
DA:132,0
DA:139,0
DA:140,0
DA:141,0
DA:144,0
DA:147,0
DA:150,0
DA:152,0
DA:169,0
DA:177,0
DA:178,0
DA:179,0
DA:180,0
DA:181,0
DA:186,0
DA:194,0
DA:195,0
DA:197,0
DA:198,0
DA:202,0
DA:209,0
DA:210,0
DA:211,0
DA:224,0
DA:225,0
DA:228,0
DA:229,0
DA:231,0
DA:250,0
DA:251,0
DA:255,0
DA:258,0
DA:259,0
DA:260,0
DA:261,0
DA:262,0
DA:266,0
DA:267,0
DA:268,0
DA:269,0
DA:272,0
DA:275,0
DA:278,0
DA:287,0
DA:302,0
DA:333,0
DA:334,0
DA:338,0
DA:339,0
DA:340,0
DA:342,0
DA:343,0
DA:346,0
DA:347,0
DA:350,0
DA:351,0
DA:353,0
DA:364,0
DA:372,0
DA:373,0
DA:377,0
DA:378,0
DA:379,0
DA:380,0
DA:382,0
DA:383,0
DA:384,0
DA:387,0
DA:388,0
DA:391,0
DA:392,0
DA:395,0
DA:398,0
DA:399,0
DA:403,0
DA:404,0
DA:408,0
DA:409,0
DA:413,0
DA:414,0
DA:415,0
DA:416,0
DA:420,0
DA:429,0
DA:430,0
DA:431,0
DA:438,0
DA:439,0
DA:440,0
DA:462,0
DA:466,0
DA:467,0
DA:468,0
DA:472,0
DA:473,0
DA:474,0
DA:478,0
DA:479,0
DA:480,0
DA:484,0
DA:485,0
DA:486,0
DA:490,0
DA:493,0
DA:501,0
LF:143
LH:0
BRDA:39,0,0,0
BRDA:39,0,1,0
BRDA:51,1,0,0
BRDA:51,1,1,0
BRDA:51,1,2,0
BRDA:51,1,3,0
BRDA:68,2,0,0
BRDA:68,2,1,0
BRDA:80,3,0,0
BRDA:80,3,1,0
BRDA:84,4,0,0
BRDA:84,4,1,0
BRDA:95,5,0,0
BRDA:95,5,1,0
BRDA:100,6,0,0
BRDA:100,6,1,0
BRDA:132,7,0,0
BRDA:132,7,1,0
BRDA:144,8,0,0
BRDA:144,8,1,0
BRDA:144,9,0,0
BRDA:144,9,1,0
BRDA:147,10,0,0
BRDA:147,10,1,0
BRDA:147,11,0,0
BRDA:147,11,1,0
BRDA:150,12,0,0
BRDA:150,12,1,0
BRDA:150,13,0,0
BRDA:150,13,1,0
BRDA:177,14,0,0
BRDA:177,14,1,0
BRDA:179,15,0,0
BRDA:179,15,1,0
BRDA:194,16,0,0
BRDA:194,16,1,0
BRDA:194,17,0,0
BRDA:194,17,1,0
BRDA:197,18,0,0
BRDA:197,18,1,0
BRDA:209,19,0,0
BRDA:209,19,1,0
BRDA:210,20,0,0
BRDA:210,20,1,0
BRDA:250,21,0,0
BRDA:250,21,1,0
BRDA:333,22,0,0
BRDA:333,22,1,0
BRDA:340,23,0,0
BRDA:340,23,1,0
BRDA:342,24,0,0
BRDA:342,24,1,0
BRDA:372,25,0,0
BRDA:372,25,1,0
BRDA:388,26,0,0
BRDA:388,26,1,0
BRDA:388,27,0,0
BRDA:388,27,1,0
BRDA:398,28,0,0
BRDA:398,28,1,0
BRDA:403,29,0,0
BRDA:403,29,1,0
BRDA:408,30,0,0
BRDA:408,30,1,0
BRDA:415,31,0,0
BRDA:415,31,1,0
BRDA:415,32,0,0
BRDA:415,32,1,0
BRDA:429,33,0,0
BRDA:429,33,1,0
BRDA:429,34,0,0
BRDA:429,34,1,0
BRF:72
BRH:0
end_of_record
TN:
SF:functions/src/utils/notifications.ts
FN:14,getUserTokens
FN:21,sendToTokens
FN:52,notifyTripComplete
FN:71,notifyAchievementsUnlocked
FN:91,sendWeeklySummaryToUser
FNF:5
FNH:0
FNDA:0,getUserTokens
FNDA:0,sendToTokens
FNDA:0,notifyTripComplete
FNDA:0,notifyAchievementsUnlocked
FNDA:0,sendWeeklySummaryToUser
DA:12,0
DA:15,0
DA:16,0
DA:17,0
DA:18,0
DA:26,0
DA:28,0
DA:37,0
DA:38,0
DA:39,0
DA:40,0
DA:45,0
DA:57,0
DA:58,0
DA:75,0
DA:76,0
DA:77,0
DA:78,0
DA:97,0
DA:98,0
LF:20
LH:0
BRDA:16,0,0,0
BRDA:16,0,1,0
BRDA:18,1,0,0
BRDA:18,1,1,0
BRDA:26,2,0,0
BRDA:26,2,1,0
BRDA:39,3,0,0
BRDA:39,3,1,0
BRDA:62,4,0,0
BRDA:62,4,1,0
BRDA:75,5,0,0
BRDA:75,5,1,0
BRF:12
BRH:0
end_of_record
TN:
SF:functions/src/utils/weather.ts
FN:45,wmoCodeToCondition
FN:55,getWeatherForTrip
FN:73,(anonymous_2)
FNF:3
FNH:0
FNDA:0,wmoCodeToCondition
FNDA:0,getWeatherForTrip
FNDA:0,(anonymous_2)
DA:14,0
DA:46,0
DA:60,0
DA:61,0
DA:62,0
DA:64,0
DA:65,0
DA:66,0
DA:67,0
DA:68,0
DA:69,0
DA:70,0
DA:72,0
DA:73,0
DA:75,0
DA:76,0
DA:78,0
DA:79,0
DA:80,0
DA:83,0
DA:84,0
DA:86,0
DA:87,0
DA:90,0
DA:91,0
DA:93,0
DA:94,0
DA:97,0
DA:99,0
DA:100,0
DA:102,0
DA:104,0
LF:32
LH:0
BRDA:46,0,0,0
BRDA:46,0,1,0
BRDA:78,1,0,0
BRDA:78,1,1,0
BRDA:86,2,0,0
BRDA:86,2,1,0
BRDA:86,3,0,0
BRDA:86,3,1,0
BRDA:93,4,0,0
BRDA:93,4,1,0
BRDA:99,5,0,0
BRDA:99,5,1,0
BRDA:102,6,0,0
BRDA:102,6,1,0
BRF:14
BRH:0
end_of_record
TN:
SF:shared/firestore-types.ts
FNF:0
FNH:0
DA:25,0
DA:620,0
DA:637,0
DA:643,0
LF:4
LH:0
BRF:0
BRH:0
end_of_record
TN:
SF:shared/schema.ts
FN:30,(anonymous_0)
FN:46,(anonymous_1)
FN:75,(anonymous_2)
FN:96,(anonymous_3)
FN:126,(anonymous_4)
FN:127,(anonymous_5)
FN:133,(anonymous_6)
FN:145,(anonymous_7)
FN:150,(anonymous_8)
FN:154,(anonymous_9)
FN:166,(anonymous_10)
FN:183,(anonymous_11)
FN:187,(anonymous_12)
FN:191,(anonymous_13)
FN:198,(anonymous_14)
FN:205,(anonymous_15)
FN:216,(anonymous_16)
FN:223,(anonymous_17)
FN:230,(anonymous_18)
FNF:19
FNH:0
FNDA:0,(anonymous_0)
FNDA:0,(anonymous_1)
FNDA:0,(anonymous_2)
FNDA:0,(anonymous_3)
FNDA:0,(anonymous_4)
FNDA:0,(anonymous_5)
FNDA:0,(anonymous_6)
FNDA:0,(anonymous_7)
FNDA:0,(anonymous_8)
FNDA:0,(anonymous_9)
FNDA:0,(anonymous_10)
FNDA:0,(anonymous_11)
FNDA:0,(anonymous_12)
FNDA:0,(anonymous_13)
FNDA:0,(anonymous_14)
FNDA:0,(anonymous_15)
FNDA:0,(anonymous_16)
FNDA:0,(anonymous_17)
FNDA:0,(anonymous_18)
DA:6,0
DA:28,0
DA:30,0
DA:44,0
DA:46,0
DA:63,0
DA:73,0
DA:75,0
DA:94,0
DA:96,0
DA:114,0
DA:124,0
DA:126,0
DA:127,0
DA:131,0
DA:133,0
DA:143,0
DA:145,0
DA:150,0
DA:152,0
DA:154,0
DA:166,0
DA:183,0
DA:187,0
DA:191,0
DA:198,0
DA:205,0
DA:216,0
DA:223,0
DA:230,0
DA:238,0
DA:244,0
DA:249,0
DA:255,0
DA:260,0
DA:265,0
DA:274,0
DA:278,0
DA:283,0
LF:39
LH:0
BRF:0
BRH:0
end_of_record
TN:
SF:shared/tripProcessor.ts
FN:23,haversineMeters
FN:47,tripDistanceMeters
FN:64,tripDurationSeconds
FN:78,tripDistanceAndDuration
FNF:4
FNH:0
FNDA:0,haversineMeters
FNDA:0,tripDistanceMeters
FNDA:0,tripDurationSeconds
FNDA:0,tripDistanceAndDuration
DA:29,0
DA:30,0
DA:31,0
DA:32,0
DA:33,0
DA:36,0
DA:38,0
DA:40,0
DA:50,0
DA:51,0
DA:52,0
DA:53,0
DA:54,0
DA:55,0
DA:57,0
DA:67,0
DA:68,0
DA:69,0
DA:70,0
DA:71,0
DA:81,0
DA:82,0
DA:84,0
DA:85,0
DA:86,0
LF:25
LH:0
BRDA:50,0,0,0
BRDA:50,0,1,0
BRDA:67,1,0,0
BRDA:67,1,1,0
BRDA:81,2,0,0
BRDA:81,2,1,0
BRF:6
BRH:0
end_of_record
TN:
SF:shared/types.ts
FNF:0
FNH:0
LF:0
LH:0
BRF:0
BRH:0
end_of_record
TN:
SF:shared/types/aiInsights.ts
FNF:0
FNH:0
LF:0
LH:0
BRF:0
BRH:0
end_of_record
